#
# There is insufficient memory for the Java Runtime Environment to continue.
# Native memory allocation (malloc) failed to allocate 1368736 bytes for Chunk::new
# Possible reasons:
#   The system is out of physical RAM or swap space
#   The process is running with CompressedOops enabled, and the Java Heap may be blocking the growth of the native heap
# Possible solutions:
#   Reduce memory load on the system
#   Increase physical memory or swap space
#   Check if swap backing store is full
#   Decrease Java heap size (-Xmx/-Xms)
#   Decrease number of Java threads
#   Decrease Java thread stack sizes (-Xss)
#   Set larger code cache with -XX:ReservedCodeCacheSize=
#   JVM is running with Unscaled Compressed Oops mode in which the Java heap is
#     placed in the first 4GB address space. The Java Heap base address is the
#     maximum limit for the native heap growth. Please use -XX:HeapBaseMinAddress
#     to set the Java Heap base and to place the Java Heap above 4GB virtual address.
# This output file may be truncated or incomplete.
#
#  Out of Memory Error (allocation.cpp:389), pid=16464, tid=0x000000000000407c
#
# JRE version: OpenJDK Runtime Environment (8.0_202-b03) (build 1.8.0_202-release-1483-b03)
# Java VM: OpenJDK 64-Bit Server VM (25.202-b03 mixed mode windows-amd64 compressed oops)
# Failed to write core dump. Minidumps are not enabled by default on client versions of Windows
#

---------------  T H R E A D  ---------------

Current thread (0x0000000016bec800):  JavaThread "C2 CompilerThread1" daemon [_thread_in_native, id=16508, stack(0x0000000018300000,0x0000000018400000)]

Stack: [0x0000000018300000,0x0000000018400000]
[error occurred during error reporting (printing stack bounds), id 0xc0000005]

Native frames: (J=compiled Java code, j=interpreted, Vv=VM code, C=native code)


Current CompileTask:
C2:   3711 1402       4       java.net.URLClassLoader$1::run (5 bytes)


---------------  P R O C E S S  ---------------

Java Threads: ( => current thread )
  0x00000000196c5800 JavaThread "Cache worker for journal cache (C:\Users\haavi\.gradle\caches\journal-1)" [_thread_blocked, id=8088, stack(0x000000001b750000,0x000000001b850000)]
  0x00000000196c1800 JavaThread "File lock request listener" [_thread_in_native, id=14924, stack(0x000000001b650000,0x000000001b750000)]
  0x0000000019d2a800 JavaThread "Cache worker for file hash cache (C:\Users\haavi\.gradle\caches\5.4.1\fileHashes)" [_thread_blocked, id=6764, stack(0x000000001b550000,0x000000001b650000)]
  0x0000000019b04800 JavaThread "Thread-9" [_thread_blocked, id=6736, stack(0x000000001b450000,0x000000001b550000)]
  0x00000000186f8000 JavaThread "Stdin handler" [_thread_blocked, id=7564, stack(0x000000001b350000,0x000000001b450000)]
  0x0000000019309800 JavaThread "Asynchronous log dispatcher for DefaultDaemonConnection: socket connection from /127.0.0.1:63770 to /127.0.0.1:63771" [_thread_blocked, id=19392, stack(0x000000001b250000,0x000000001b350000)]
  0x00000000187a7000 JavaThread "Daemon worker" [_thread_in_vm, id=12412, stack(0x000000001b150000,0x000000001b250000)]
  0x0000000018bb1800 JavaThread "Cancel handler" [_thread_blocked, id=13196, stack(0x000000001b050000,0x000000001b150000)]
  0x0000000018c41000 JavaThread "Handler for socket connection from /127.0.0.1:63770 to /127.0.0.1:63771" [_thread_in_native, id=12552, stack(0x000000001ad50000,0x000000001ae50000)]
  0x0000000018c40800 JavaThread "Daemon" [_thread_blocked, id=20496, stack(0x000000001ac50000,0x000000001ad50000)]
  0x0000000018c3e800 JavaThread "Daemon periodic checks" [_thread_blocked, id=8392, stack(0x000000001ab50000,0x000000001ac50000)]
  0x0000000018c27000 JavaThread "Incoming local TCP Connector on port 63770" [_thread_in_native, id=5688, stack(0x000000001a910000,0x000000001aa10000)]
  0x0000000019699800 JavaThread "Daemon health stats" [_thread_blocked, id=1516, stack(0x000000001a2d0000,0x000000001a3d0000)]
  0x0000000018405000 JavaThread "Service Thread" daemon [_thread_blocked, id=19412, stack(0x0000000018900000,0x0000000018a00000)]
  0x0000000018400800 JavaThread "C1 CompilerThread2" daemon [_thread_blocked, id=7764, stack(0x0000000018800000,0x0000000018900000)]
=>0x0000000016bec800 JavaThread "C2 CompilerThread1" daemon [_thread_in_native, id=16508, stack(0x0000000018300000,0x0000000018400000)]
  0x0000000016b8b000 JavaThread "C2 CompilerThread0" daemon [_thread_in_native, id=17752, stack(0x0000000018200000,0x0000000018300000)]
  0x0000000016b89800 JavaThread "Attach Listener" daemon [_thread_blocked, id=19044, stack(0x0000000018100000,0x0000000018200000)]
  0x0000000016b88800 JavaThread "Signal Dispatcher" daemon [_thread_blocked, id=20968, stack(0x0000000018000000,0x0000000018100000)]
  0x0000000003219800 JavaThread "Finalizer" daemon [_thread_blocked, id=9876, stack(0x0000000017e00000,0x0000000017f00000)]
  0x0000000003211000 JavaThread "Reference Handler" daemon [_thread_blocked, id=18256, stack(0x0000000017d00000,0x0000000017e00000)]
  0x000000000181e000 JavaThread "main" [_thread_blocked, id=10780, stack(0x0000000003010000,0x0000000003110000)]

Other Threads:
  0x0000000016b56000 VMThread [stack: 0x0000000017c00000,0x0000000017d00000] [id=13236]
  0x0000000018406000 WatcherThread [stack: 0x0000000018a00000,0x0000000018b00000] [id=20932]

VM state:not at safepoint (normal execution)

VM Mutex/Monitor currently owned by a thread: None

heap address: 0x00000000a0000000, size: 1536 MB, Compressed Oops mode: 32-bit
Narrow klass base: 0x0000000000000000, Narrow klass shift: 3
Compressed class space size: 1073741824 Address: 0x0000000100000000

Heap:
 PSYoungGen      total 38400K, used 28297K [0x00000000e0000000, 0x00000000e2a80000, 0x0000000100000000)
  eden space 33280K, 69% used [0x00000000e0000000,0x00000000e16a6428,0x00000000e2080000)
  from space 5120K, 99% used [0x00000000e2080000,0x00000000e257c010,0x00000000e2580000)
  to   space 5120K, 0% used [0x00000000e2580000,0x00000000e2580000,0x00000000e2a80000)
 ParOldGen       total 87552K, used 1872K [0x00000000a0000000, 0x00000000a5580000, 0x00000000e0000000)
  object space 87552K, 2% used [0x00000000a0000000,0x00000000a01d4360,0x00000000a5580000)
 Metaspace       used 15102K, capacity 15504K, committed 15616K, reserved 1062912K
  class space    used 2144K, capacity 2300K, committed 2304K, reserved 1048576K

Card table byte_map: [0x00000000125e0000,0x00000000128f0000] byte_map_base: 0x00000000120e0000

Marking Bits: (ParMarkBitMap*) 0x000000006a599f30
 Begin Bits: [0x0000000012ef0000, 0x00000000146f0000)
 End Bits:   [0x00000000146f0000, 0x0000000015ef0000)

Polling page: 0x00000000017a0000

CodeCache: size=245760Kb used=5089Kb max_used=5089Kb free=240670Kb
 bounds [0x0000000003220000, 0x0000000003720000, 0x0000000012220000]
 total_blobs=1834 nmethods=1446 adapters=301
 compilation: enabled

Compilation events (10 events):
Event: 3.645 Thread 0x0000000016b8b000 1445   !   4       java.net.URLClassLoader$1::run (63 bytes)
Event: 3.645 Thread 0x0000000018400800 nmethod 1441 0x000000000370ca90 code [0x000000000370d300, 0x0000000003712eb8]
Event: 3.645 Thread 0x0000000018400800 1444       3       org.gradle.api.file.internal.FilePathUtil::sizeOfCommonPrefix (142 bytes)
Event: 3.647 Thread 0x0000000018400800 nmethod 1444 0x0000000003716a10 code [0x0000000003716c80, 0x00000000037180a8]
Event: 3.647 Thread 0x0000000018400800 1443       3       java.util.AbstractCollection::isEmpty (13 bytes)
Event: 3.647 Thread 0x0000000018400800 nmethod 1443 0x0000000003718a10 code [0x0000000003718b80, 0x0000000003718de8]
Event: 3.647 Thread 0x0000000018400800 1442       3       com.google.common.base.Preconditions::checkNotNull (14 bytes)
Event: 3.647 Thread 0x0000000018400800 nmethod 1442 0x0000000003718e90 code [0x0000000003719000, 0x0000000003719228]
Event: 3.659 Thread 0x0000000018400800 1446   !   3       java.lang.ClassLoader::definePackage (77 bytes)
Event: 3.659 Thread 0x0000000018400800 nmethod 1446 0x0000000003719310 code [0x00000000037194c0, 0x0000000003719b58]

GC Heap History (6 events):
Event: 1.801 GC heap before
{Heap before GC invocations=1 (full 0):
 PSYoungGen      total 38400K, used 33280K [0x00000000e0000000, 0x00000000e2a80000, 0x0000000100000000)
  eden space 33280K, 100% used [0x00000000e0000000,0x00000000e2080000,0x00000000e2080000)
  from space 5120K, 0% used [0x00000000e2580000,0x00000000e2580000,0x00000000e2a80000)
  to   space 5120K, 0% used [0x00000000e2080000,0x00000000e2080000,0x00000000e2580000)
 ParOldGen       total 87552K, used 0K [0x00000000a0000000, 0x00000000a5580000, 0x00000000e0000000)
  object space 87552K, 0% used [0x00000000a0000000,0x00000000a0000000,0x00000000a5580000)
 Metaspace       used 6950K, capacity 7150K, committed 7296K, reserved 1056768K
  class space    used 848K, capacity 878K, committed 896K, reserved 1048576K
Event: 1.808 GC heap after
Heap after GC invocations=1 (full 0):
 PSYoungGen      total 38400K, used 4244K [0x00000000e0000000, 0x00000000e2a80000, 0x0000000100000000)
  eden space 33280K, 0% used [0x00000000e0000000,0x00000000e0000000,0x00000000e2080000)
  from space 5120K, 82% used [0x00000000e2080000,0x00000000e24a53e8,0x00000000e2580000)
  to   space 5120K, 0% used [0x00000000e2580000,0x00000000e2580000,0x00000000e2a80000)
 ParOldGen       total 87552K, used 8K [0x00000000a0000000, 0x00000000a5580000, 0x00000000e0000000)
  object space 87552K, 0% used [0x00000000a0000000,0x00000000a0002000,0x00000000a5580000)
 Metaspace       used 6950K, capacity 7150K, committed 7296K, reserved 1056768K
  class space    used 848K, capacity 878K, committed 896K, reserved 1048576K
}
Event: 2.333 GC heap before
{Heap before GC invocations=2 (full 0):
 PSYoungGen      total 38400K, used 37524K [0x00000000e0000000, 0x00000000e2a80000, 0x0000000100000000)
  eden space 33280K, 100% used [0x00000000e0000000,0x00000000e2080000,0x00000000e2080000)
  from space 5120K, 82% used [0x00000000e2080000,0x00000000e24a53e8,0x00000000e2580000)
  to   space 5120K, 0% used [0x00000000e2580000,0x00000000e2580000,0x00000000e2a80000)
 ParOldGen       total 87552K, used 8K [0x00000000a0000000, 0x00000000a5580000, 0x00000000e0000000)
  object space 87552K, 0% used [0x00000000a0000000,0x00000000a0002000,0x00000000a5580000)
 Metaspace       used 8946K, capacity 9202K, committed 9472K, reserved 1056768K
  class space    used 1168K, capacity 1261K, committed 1280K, reserved 1048576K
Event: 2.338 GC heap after
Heap after GC invocations=2 (full 0):
 PSYoungGen      total 38400K, used 4532K [0x00000000e0000000, 0x00000000e2a80000, 0x0000000100000000)
  eden space 33280K, 0% used [0x00000000e0000000,0x00000000e0000000,0x00000000e2080000)
  from space 5120K, 88% used [0x00000000e2580000,0x00000000e29ed3a8,0x00000000e2a80000)
  to   space 5120K, 0% used [0x00000000e2080000,0x00000000e2080000,0x00000000e2580000)
 ParOldGen       total 87552K, used 16K [0x00000000a0000000, 0x00000000a5580000, 0x00000000e0000000)
  object space 87552K, 0% used [0x00000000a0000000,0x00000000a0004000,0x00000000a5580000)
 Metaspace       used 8946K, capacity 9202K, committed 9472K, reserved 1056768K
  class space    used 1168K, capacity 1261K, committed 1280K, reserved 1048576K
}
Event: 3.452 GC heap before
{Heap before GC invocations=3 (full 0):
 PSYoungGen      total 38400K, used 37812K [0x00000000e0000000, 0x00000000e2a80000, 0x0000000100000000)
  eden space 33280K, 100% used [0x00000000e0000000,0x00000000e2080000,0x00000000e2080000)
  from space 5120K, 88% used [0x00000000e2580000,0x00000000e29ed3a8,0x00000000e2a80000)
  to   space 5120K, 0% used [0x00000000e2080000,0x00000000e2080000,0x00000000e2580000)
 ParOldGen       total 87552K, used 16K [0x00000000a0000000, 0x00000000a5580000, 0x00000000e0000000)
  object space 87552K, 0% used [0x00000000a0000000,0x00000000a0004000,0x00000000a5580000)
 Metaspace       used 13373K, capacity 13728K, committed 13824K, reserved 1060864K
  class space    used 1846K, capacity 2002K, committed 2048K, reserved 1048576K
Event: 3.461 GC heap after
Heap after GC invocations=3 (full 0):
 PSYoungGen      total 38400K, used 5104K [0x00000000e0000000, 0x00000000e2a80000, 0x0000000100000000)
  eden space 33280K, 0% used [0x00000000e0000000,0x00000000e0000000,0x00000000e2080000)
  from space 5120K, 99% used [0x00000000e2080000,0x00000000e257c010,0x00000000e2580000)
  to   space 5120K, 0% used [0x00000000e2580000,0x00000000e2580000,0x00000000e2a80000)
 ParOldGen       total 87552K, used 1872K [0x00000000a0000000, 0x00000000a5580000, 0x00000000e0000000)
  object space 87552K, 2% used [0x00000000a0000000,0x00000000a01d4360,0x00000000a5580000)
 Metaspace       used 13373K, capacity 13728K, committed 13824K, reserved 1060864K
  class space    used 1846K, capacity 2002K, committed 2048K, reserved 1048576K
}

Deoptimization events (10 events):
Event: 2.687 Thread 0x000000000181e000 Uncommon trap: reason=unstable_if action=reinterpret pc=0x00000000034e1184 method=java.io.WinNTFileSystem.normalize(Ljava/lang/String;)Ljava/lang/String; @ 128
Event: 2.687 Thread 0x000000000181e000 Uncommon trap: reason=unstable_if action=reinterpret pc=0x000000000356c5d4 method=java.io.WinNTFileSystem.normalize(Ljava/lang/String;II)Ljava/lang/String; @ 90
Event: 3.181 Thread 0x0000000018c41000 Uncommon trap: reason=unstable_if action=reinterpret pc=0x00000000035d6ab0 method=java.util.concurrent.ConcurrentHashMap.putVal(Ljava/lang/Object;Ljava/lang/Object;Z)Ljava/lang/Object; @ 206
Event: 3.264 Thread 0x00000000187a7000 Uncommon trap: reason=bimorphic action=maybe_recompile pc=0x00000000034a7da4 method=java.util.HashMap.putVal(ILjava/lang/Object;Ljava/lang/Object;ZZ)Ljava/lang/Object; @ 253
Event: 3.265 Thread 0x00000000187a7000 Uncommon trap: reason=bimorphic action=maybe_recompile pc=0x00000000034a7da4 method=java.util.HashMap.putVal(ILjava/lang/Object;Ljava/lang/Object;ZZ)Ljava/lang/Object; @ 253
Event: 3.265 Thread 0x00000000187a7000 Uncommon trap: reason=bimorphic action=maybe_recompile pc=0x00000000034a7da4 method=java.util.HashMap.putVal(ILjava/lang/Object;Ljava/lang/Object;ZZ)Ljava/lang/Object; @ 253
Event: 3.448 Thread 0x00000000187a7000 Uncommon trap: reason=class_check action=maybe_recompile pc=0x00000000034ffc18 method=java.util.regex.Matcher.match(II)Z @ 86
Event: 3.469 Thread 0x00000000187a7000 Uncommon trap: reason=class_check action=maybe_recompile pc=0x00000000034ffc18 method=java.util.regex.Matcher.match(II)Z @ 86
Event: 3.469 Thread 0x00000000187a7000 Uncommon trap: reason=class_check action=maybe_recompile pc=0x00000000034ffc18 method=java.util.regex.Matcher.match(II)Z @ 86
Event: 3.470 Thread 0x00000000187a7000 Uncommon trap: reason=class_check action=maybe_recompile pc=0x00000000034bc09c method=java.util.regex.Matcher.match(II)Z @ 86

Classes redefined (0 events):
No events

Internal exceptions (10 events):
Event: 3.187 Thread 0x0000000018c41000 Exception <a 'java/lang/NoSuchMethodError': <clinit>> (0x00000000e09bff00) thrown at [D:\src\AOSP-openjdk-cygwin\jdk8u\hotspot\src\share\vm\prims\jni.cpp, line 1614]
Event: 3.189 Thread 0x0000000018c41000 Exception <a 'java/lang/NoSuchMethodError': <clinit>> (0x00000000e09d3588) thrown at [D:\src\AOSP-openjdk-cygwin\jdk8u\hotspot\src\share\vm\prims\jni.cpp, line 1614]
Event: 3.193 Thread 0x0000000018c41000 Exception <a 'java/lang/NoSuchMethodError': <clinit>> (0x00000000e09fa9e8) thrown at [D:\src\AOSP-openjdk-cygwin\jdk8u\hotspot\src\share\vm\prims\jni.cpp, line 1614]
Event: 3.195 Thread 0x0000000018c41000 Exception <a 'java/lang/NoSuchMethodError': <clinit>> (0x00000000e0a12a30) thrown at [D:\src\AOSP-openjdk-cygwin\jdk8u\hotspot\src\share\vm\prims\jni.cpp, line 1614]
Event: 3.196 Thread 0x0000000018c41000 Exception <a 'java/lang/NoSuchMethodError': <clinit>> (0x00000000e0a1b6c0) thrown at [D:\src\AOSP-openjdk-cygwin\jdk8u\hotspot\src\share\vm\prims\jni.cpp, line 1614]
Event: 3.198 Thread 0x0000000018c41000 Exception <a 'java/lang/NoSuchMethodError': <clinit>> (0x00000000e0a31cc8) thrown at [D:\src\AOSP-openjdk-cygwin\jdk8u\hotspot\src\share\vm\prims\jni.cpp, line 1614]
Event: 3.207 Thread 0x0000000018c41000 Exception <a 'java/lang/NoSuchMethodError': <clinit>> (0x00000000e0a91f58) thrown at [D:\src\AOSP-openjdk-cygwin\jdk8u\hotspot\src\share\vm\prims\jni.cpp, line 1614]
Event: 3.216 Thread 0x0000000018c41000 Exception <a 'java/lang/NoSuchMethodError': <clinit>> (0x00000000e0abecb8) thrown at [D:\src\AOSP-openjdk-cygwin\jdk8u\hotspot\src\share\vm\prims\jni.cpp, line 1614]
Event: 3.226 Thread 0x0000000018c41000 Exception <a 'java/lang/NoSuchMethodError': <clinit>> (0x00000000e0aed140) thrown at [D:\src\AOSP-openjdk-cygwin\jdk8u\hotspot\src\share\vm\prims\jni.cpp, line 1614]
Event: 3.227 Thread 0x0000000018c41000 Exception <a 'java/lang/NoSuchMethodError': <clinit>> (0x00000000e0af8440) thrown at [D:\src\AOSP-openjdk-cygwin\jdk8u\hotspot\src\share\vm\prims\jni.cpp, line 1614]

Events (10 events):
Event: 3.704 loading class org/gradle/api/internal/initialization/loadercache/DefaultClasspathHasher
Event: 3.704 loading class org/gradle/api/internal/initialization/loadercache/DefaultClasspathHasher done
Event: 3.705 loading class org/gradle/internal/classloader/DefaultHashingClassLoaderFactory
Event: 3.705 loading class org/gradle/internal/classloader/DefaultHashingClassLoaderFactory done
Event: 3.705 loading class org/gradle/internal/classloader/DefaultClassLoaderFactory
Event: 3.705 loading class org/gradle/internal/classloader/DefaultClassLoaderFactory done
Event: 3.706 loading class java/util/Collections$SynchronizedMap
Event: 3.709 loading class java/util/Collections$SynchronizedMap done
Event: 3.709 loading class org/gradle/api/internal/initialization/loadercache/DefaultClassLoaderCache
Event: 3.709 loading class org/gradle/api/internal/initialization/loadercache/DefaultClassLoaderCache done


Dynamic libraries:
0x00007ff669720000 - 0x00007ff669751000 	D:\androidStudioStuff\Android\jre\bin\java.exe
0x00007ff9c3140000 - 0x00007ff9c3330000 	C:\WINDOWS\SYSTEM32\ntdll.dll
0x00007ff9c2200000 - 0x00007ff9c22b2000 	C:\WINDOWS\System32\KERNEL32.DLL
0x00007ff9c00d0000 - 0x00007ff9c0373000 	C:\WINDOWS\System32\KERNELBASE.dll
0x00007ff9c2430000 - 0x00007ff9c24d3000 	C:\WINDOWS\System32\ADVAPI32.dll
0x00007ff9c22c0000 - 0x00007ff9c235e000 	C:\WINDOWS\System32\msvcrt.dll
0x00007ff9c11f0000 - 0x00007ff9c1287000 	C:\WINDOWS\System32\sechost.dll
0x00007ff9c1360000 - 0x00007ff9c1480000 	C:\WINDOWS\System32\RPCRT4.dll
0x00007ff9c1690000 - 0x00007ff9c1824000 	C:\WINDOWS\System32\USER32.dll
0x00007ff9c07a0000 - 0x00007ff9c07c1000 	C:\WINDOWS\System32\win32u.dll
0x00007ff9c3040000 - 0x00007ff9c3066000 	C:\WINDOWS\System32\GDI32.dll
0x00007ff9c0580000 - 0x00007ff9c0714000 	C:\WINDOWS\System32\gdi32full.dll
0x00007ff9c0880000 - 0x00007ff9c091e000 	C:\WINDOWS\System32\msvcp_win.dll
0x00007ff9c10f0000 - 0x00007ff9c11ea000 	C:\WINDOWS\System32\ucrtbase.dll
0x00007ff9aa420000 - 0x00007ff9aa6a5000 	C:\WINDOWS\WinSxS\amd64_microsoft.windows.common-controls_6595b64144ccf1df_6.0.18362.592_none_e6c0b1911312be02\COMCTL32.dll
0x00007ff9c1830000 - 0x00007ff9c1b66000 	C:\WINDOWS\System32\combase.dll
0x00007ff9c04d0000 - 0x00007ff9c0550000 	C:\WINDOWS\System32\bcryptPrimitives.dll
0x00007ff9c3070000 - 0x00007ff9c309e000 	C:\WINDOWS\System32\IMM32.DLL
0x0000000069c10000 - 0x0000000069ce2000 	D:\androidStudioStuff\Android\jre\jre\bin\msvcr100.dll
0x0000000069dd0000 - 0x000000006a616000 	D:\androidStudioStuff\Android\jre\jre\bin\server\jvm.dll
0x00007ff9c3030000 - 0x00007ff9c3038000 	C:\WINDOWS\System32\PSAPI.DLL
0x00007ff9b9d10000 - 0x00007ff9b9d19000 	C:\WINDOWS\SYSTEM32\WSOCK32.dll
0x00007ff9bcf30000 - 0x00007ff9bcf54000 	C:\WINDOWS\SYSTEM32\WINMM.dll
0x00007ff9c2bd0000 - 0x00007ff9c2c3f000 	C:\WINDOWS\System32\WS2_32.dll
0x00007ff9b6db0000 - 0x00007ff9b6dba000 	C:\WINDOWS\SYSTEM32\VERSION.dll
0x00007ff9bcf00000 - 0x00007ff9bcf2d000 	C:\WINDOWS\SYSTEM32\WINMMBASE.dll
0x00007ff9c0920000 - 0x00007ff9c096a000 	C:\WINDOWS\System32\cfgmgr32.dll
0x00007ff9b9f40000 - 0x00007ff9b9f4f000 	D:\androidStudioStuff\Android\jre\jre\bin\verify.dll
0x00007ff9a6190000 - 0x00007ff9a61b9000 	D:\androidStudioStuff\Android\jre\jre\bin\java.dll
0x00007ff9b9f20000 - 0x00007ff9b9f36000 	D:\androidStudioStuff\Android\jre\jre\bin\zip.dll
0x00007ff9c24e0000 - 0x00007ff9c2bc5000 	C:\WINDOWS\System32\SHELL32.dll
0x00007ff9c15e0000 - 0x00007ff9c1689000 	C:\WINDOWS\System32\shcore.dll
0x00007ff9c0970000 - 0x00007ff9c10ef000 	C:\WINDOWS\System32\windows.storage.dll
0x00007ff9c00b0000 - 0x00007ff9c00cf000 	C:\WINDOWS\System32\profapi.dll
0x00007ff9c0040000 - 0x00007ff9c008a000 	C:\WINDOWS\System32\powrprof.dll
0x00007ff9c0010000 - 0x00007ff9c0020000 	C:\WINDOWS\System32\UMPDC.dll
0x00007ff9c2c40000 - 0x00007ff9c2c92000 	C:\WINDOWS\System32\shlwapi.dll
0x00007ff9c0090000 - 0x00007ff9c00a1000 	C:\WINDOWS\System32\kernel.appcore.dll
0x00007ff9c0720000 - 0x00007ff9c0737000 	C:\WINDOWS\System32\cryptsp.dll
0x00007ff9a61e0000 - 0x00007ff9a61fa000 	D:\androidStudioStuff\Android\jre\jre\bin\net.dll
0x00007ff9bf820000 - 0x00007ff9bf887000 	C:\WINDOWS\system32\mswsock.dll
0x00007ff9a61c0000 - 0x00007ff9a61d1000 	D:\androidStudioStuff\Android\jre\jre\bin\nio.dll
0x00007ff9aa0b0000 - 0x00007ff9aa0d6000 	C:\Users\haavi\.gradle\native\29\windows-amd64\native-platform.dll
0x00007ff9aa090000 - 0x00007ff9aa09d000 	D:\androidStudioStuff\Android\jre\jre\bin\management.dll
0x00007ff9bf390000 - 0x00007ff9bf3c3000 	C:\WINDOWS\system32\rsaenh.dll
0x00007ff9c0550000 - 0x00007ff9c0576000 	C:\WINDOWS\System32\bcrypt.dll
0x00007ff9bff30000 - 0x00007ff9bff55000 	C:\WINDOWS\SYSTEM32\USERENV.dll
0x00007ff9bf9f0000 - 0x00007ff9bf9fc000 	C:\WINDOWS\SYSTEM32\CRYPTBASE.dll
0x00007ff9bf530000 - 0x00007ff9bf56a000 	C:\WINDOWS\SYSTEM32\IPHLPAPI.DLL
0x00007ff9c2ca0000 - 0x00007ff9c2ca8000 	C:\WINDOWS\System32\NSI.dll
0x00007ff9b3c60000 - 0x00007ff9b3c76000 	C:\WINDOWS\SYSTEM32\dhcpcsvc6.DLL
0x00007ff9b6dc0000 - 0x00007ff9b6ddc000 	C:\WINDOWS\SYSTEM32\dhcpcsvc.DLL
0x00007ff9bf570000 - 0x00007ff9bf63a000 	C:\WINDOWS\SYSTEM32\DNSAPI.dll

VM Arguments:
jvm_args: -Xmx1536m -Dfile.encoding=windows-1252 -Duser.country=FI -Duser.language=fi -Duser.variant 
java_command: org.gradle.launcher.daemon.bootstrap.GradleDaemon 5.4.1
java_class_path (initial): C:\Users\haavi\.gradle\wrapper\dists\gradle-5.4.1-all\3221gyojl5jsh0helicew7rwx\gradle-5.4.1\lib\gradle-launcher-5.4.1.jar
Launcher Type: SUN_STANDARD

Environment Variables:
JAVA_HOME=C:\Program Files\Java\jdk1.8.0_172
PATH=C:\Program Files\Java\jdk1.8.0_172\bin;C:\Program Files\PuTTY\;C:\Program Files\nodejs\;D:\Ruby25-x64\bin;C:\Users\haavi\AppData\Local\Microsoft\WindowsApps;D:\Microsoft VS Code\bin;C:\maven\apache-maven-3.5.4\apache-maven\src\bin;C:\Users\haavi\AppData\Local\Yarn\bin;D:\Users\haavi\Desktop\apache-maven-3.6.3\bin;D:\androidStudioStuff\sdk\platform-tools;D:\Users\haavi\Desktop\curl-7.68.0-win64-mingw\bin;C:\Users\haavi\AppData\Roaming\npm
USERNAME=haavi
OS=Windows_NT
PROCESSOR_IDENTIFIER=Intel64 Family 6 Model 78 Stepping 3, GenuineIntel



---------------  S Y S T E M  ---------------

OS: Windows 10.0 , 64 bit Build 18362 (10.0.18362.329)

CPU:total 4 (initial active 4) (2 cores per cpu, 2 threads per core) family 6 model 78 stepping 3, cmov, cx8, fxsr, mmx, sse, sse2, sse3, ssse3, sse4.1, sse4.2, popcnt, avx, avx2, aes, clmul, erms, 3dnowpref, lzcnt, ht, tsc, tscinvbit, bmi1, bmi2, adx

Memory: 4k page, physical 8259484k(373444k free), swap 33425308k(4572k free)

vm_info: OpenJDK 64-Bit Server VM (25.202-b03) for windows-amd64 JRE (1.8.0_202-release-1483-b03), built by "builder" with MS VC++ 10.0 (VS2010)

time: Sat Feb 01 11:19:12 2020
timezone: Suomen normaaliaika
elapsed time: 3 seconds (0d 0h 0m 3s)

