#
# There is insufficient memory for the Java Runtime Environment to continue.
# Native memory allocation (malloc) failed to allocate 1065136 bytes for Chunk::new
# Possible reasons:
#   The system is out of physical RAM or swap space
#   The process is running with CompressedOops enabled, and the Java Heap may be blocking the growth of the native heap
# Possible solutions:
#   Reduce memory load on the system
#   Increase physical memory or swap space
#   Check if swap backing store is full
#   Decrease Java heap size (-Xmx/-Xms)
#   Decrease number of Java threads
#   Decrease Java thread stack sizes (-Xss)
#   Set larger code cache with -XX:ReservedCodeCacheSize=
#   JVM is running with Unscaled Compressed Oops mode in which the Java heap is
#     placed in the first 4GB address space. The Java Heap base address is the
#     maximum limit for the native heap growth. Please use -XX:HeapBaseMinAddress
#     to set the Java Heap base and to place the Java Heap above 4GB virtual address.
# This output file may be truncated or incomplete.
#
#  Out of Memory Error (allocation.cpp:389), pid=18840, tid=0x0000000000004fc4
#
# JRE version: OpenJDK Runtime Environment (8.0_202-b03) (build 1.8.0_202-release-1483-b03)
# Java VM: OpenJDK 64-Bit Server VM (25.202-b03 mixed mode windows-amd64 compressed oops)
# Failed to write core dump. Minidumps are not enabled by default on client versions of Windows
#

---------------  T H R E A D  ---------------

Current thread (0x0000000015f85800):  JavaThread "C2 CompilerThread1" daemon [_thread_in_native, id=20420, stack(0x00000000177e0000,0x00000000178e0000)]

Stack: [0x00000000177e0000,0x00000000178e0000]
[error occurred during error reporting (printing stack bounds), id 0xc0000005]

Native frames: (J=compiled Java code, j=interpreted, Vv=VM code, C=native code)


Current CompileTask:
C2:   7847 3671       4       org.objectweb.asm.SymbolTable::addConstantMemberReference (147 bytes)


---------------  P R O C E S S  ---------------

Java Threads: ( => current thread )
  0x000000001c372800 JavaThread "Cache worker for Build Output Cleanup Cache (C:\Users\haavi\AndroidStudioProjects\DreamCrusher\.gradle\buildOutputCleanup)" [_thread_blocked, id=11896, stack(0x0000000021dc0000,0x0000000021ec0000)]
  0x000000001c371000 JavaThread "Build operations Thread 4" [_thread_blocked, id=7296, stack(0x0000000021ac0000,0x0000000021bc0000)]
  0x000000001c375800 JavaThread "Build operations Thread 3" [_thread_blocked, id=22008, stack(0x00000000219c0000,0x0000000021ac0000)]
  0x000000001c376800 JavaThread "Build operations Thread 2" [_thread_blocked, id=1548, stack(0x00000000218c0000,0x00000000219c0000)]
  0x000000001c370800 JavaThread "Build operations" [_thread_blocked, id=17516, stack(0x00000000217c0000,0x00000000218c0000)]
  0x000000001c372000 JavaThread "Cache worker for execution history cache (C:\Users\haavi\.gradle\caches\5.4.1\executionHistory)" [_thread_blocked, id=15656, stack(0x00000000200a0000,0x00000000201a0000)]
  0x000000001c373800 JavaThread "Cache worker for cache directory md-rule (C:\Users\haavi\.gradle\caches\5.4.1\md-rule)" [_thread_blocked, id=5556, stack(0x000000001e960000,0x000000001ea60000)]
  0x000000001c36f800 JavaThread "Cache worker for cache directory md-supplier (C:\Users\haavi\.gradle\caches\5.4.1\md-supplier)" [_thread_blocked, id=1832, stack(0x000000001e0a0000,0x000000001e1a0000)]
  0x0000000018b48800 JavaThread "Cache worker for file hash cache (C:\Users\haavi\AndroidStudioProjects\DreamCrusher\.gradle\5.4.1\fileHashes)" [_thread_blocked, id=18320, stack(0x000000001e460000,0x000000001e560000)]
  0x0000000018b45800 JavaThread "Cache worker for journal cache (C:\Users\haavi\.gradle\caches\journal-1)" [_thread_blocked, id=2584, stack(0x000000001ac30000,0x000000001ad30000)]
  0x0000000018b46000 JavaThread "File lock request listener" [_thread_in_native, id=17928, stack(0x000000001ab30000,0x000000001ac30000)]
  0x0000000018b43000 JavaThread "Cache worker for file hash cache (C:\Users\haavi\.gradle\caches\5.4.1\fileHashes)" [_thread_blocked, id=21112, stack(0x000000001aa30000,0x000000001ab30000)]
  0x0000000018da2000 JavaThread "Thread-9" [_thread_blocked, id=9072, stack(0x000000001a930000,0x000000001aa30000)]
  0x0000000018d91000 JavaThread "Stdin handler" [_thread_blocked, id=19988, stack(0x000000001a830000,0x000000001a930000)]
  0x0000000018da1000 JavaThread "Asynchronous log dispatcher for DefaultDaemonConnection: socket connection from /127.0.0.1:64000 to /127.0.0.1:64001" [_thread_blocked, id=8580, stack(0x000000001a730000,0x000000001a830000)]
  0x0000000018d9f800 JavaThread "Daemon worker" [_thread_blocked, id=21076, stack(0x000000001a630000,0x000000001a730000)]
  0x00000000192dd800 JavaThread "Cancel handler" [_thread_blocked, id=20360, stack(0x000000001a530000,0x000000001a630000)]
  0x0000000018e37800 JavaThread "Handler for socket connection from /127.0.0.1:64000 to /127.0.0.1:64001" [_thread_in_native, id=9796, stack(0x000000001a230000,0x000000001a330000)]
  0x00000000181a2800 JavaThread "Daemon" [_thread_blocked, id=6760, stack(0x000000001a130000,0x000000001a230000)]
  0x0000000017d85800 JavaThread "Daemon periodic checks" [_thread_blocked, id=16540, stack(0x000000001a030000,0x000000001a130000)]
  0x0000000017a80800 JavaThread "Incoming local TCP Connector on port 64000" [_thread_in_native, id=22496, stack(0x0000000019df0000,0x0000000019ef0000)]
  0x000000001933a800 JavaThread "Daemon health stats" [_thread_blocked, id=22024, stack(0x00000000197b0000,0x00000000198b0000)]
  0x0000000015fdd800 JavaThread "Service Thread" daemon [_thread_blocked, id=4012, stack(0x0000000017de0000,0x0000000017ee0000)]
  0x0000000015f8a000 JavaThread "C1 CompilerThread2" daemon [_thread_blocked, id=21576, stack(0x00000000178e0000,0x00000000179e0000)]
=>0x0000000015f85800 JavaThread "C2 CompilerThread1" daemon [_thread_in_native, id=20420, stack(0x00000000177e0000,0x00000000178e0000)]
  0x0000000015f7b800 JavaThread "C2 CompilerThread0" daemon [_thread_blocked, id=12700, stack(0x00000000176e0000,0x00000000177e0000)]
  0x0000000015f7a800 JavaThread "Attach Listener" daemon [_thread_blocked, id=8352, stack(0x00000000175e0000,0x00000000176e0000)]
  0x0000000015f79800 JavaThread "Signal Dispatcher" daemon [_thread_blocked, id=20304, stack(0x00000000174e0000,0x00000000175e0000)]
  0x000000000260b000 JavaThread "Finalizer" daemon [_thread_blocked, id=7872, stack(0x00000000171e0000,0x00000000172e0000)]
  0x0000000002602000 JavaThread "Reference Handler" daemon [_thread_blocked, id=4156, stack(0x00000000170e0000,0x00000000171e0000)]
  0x000000000245e000 JavaThread "main" [_thread_blocked, id=13488, stack(0x0000000002330000,0x0000000002430000)]

Other Threads:
  0x0000000015f46800 VMThread [stack: 0x0000000016fe0000,0x00000000170e0000] [id=16872]
  0x0000000015fde800 WatcherThread [stack: 0x0000000017ee0000,0x0000000017fe0000] [id=10488]

VM state:at safepoint (normal execution)

VM Mutex/Monitor currently owned by a thread:  ([mutex/lock_event])
[0x000000000245d990] Threads_lock - owner thread: 0x0000000015f46800
[0x000000000245cf10] Heap_lock - owner thread: 0x0000000018d9f800

heap address: 0x00000000a0000000, size: 1536 MB, Compressed Oops mode: 32-bit
Narrow klass base: 0x0000000000000000, Narrow klass shift: 3
Compressed class space size: 1073741824 Address: 0x0000000100000000

Heap:
 PSYoungGen      total 120832K, used 79961K [0x00000000e0000000, 0x00000000ead00000, 0x0000000100000000)
  eden space 110080K, 72% used [0x00000000e0000000,0x00000000e4e16610,0x00000000e6b80000)
  from space 10752K, 0% used [0x00000000e6b80000,0x00000000e6b80000,0x00000000e7600000)
  to   space 11776K, 44% used [0x00000000ea180000,0x00000000ea693310,0x00000000ead00000)
 ParOldGen       total 56832K, used 16739K [0x00000000a0000000, 0x00000000a3780000, 0x00000000e0000000)
  object space 56832K, 29% used [0x00000000a0000000,0x00000000a1058e48,0x00000000a3780000)
 Metaspace       used 43374K, capacity 44230K, committed 44328K, reserved 1091584K
  class space    used 5860K, capacity 6127K, committed 6184K, reserved 1048576K

Card table byte_map: [0x00000000119d0000,0x0000000011ce0000] byte_map_base: 0x00000000114d0000

Marking Bits: (ParMarkBitMap*) 0x000000006a599f30
 Begin Bits: [0x00000000122e0000, 0x0000000013ae0000)
 End Bits:   [0x0000000013ae0000, 0x00000000152e0000)

Polling page: 0x0000000000750000

CodeCache: size=245760Kb used=11451Kb max_used=11451Kb free=234309Kb
 bounds [0x0000000002610000, 0x0000000003150000, 0x0000000011610000]
 total_blobs=4102 nmethods=3357 adapters=658
 compilation: enabled

Compilation events (10 events):
Event: 7.827 Thread 0x0000000015f8a000 3707       3       org.apache.commons.lang.StringUtils::isEmpty (17 bytes)
Event: 7.827 Thread 0x0000000015f8a000 nmethod 3707 0x000000000312ab50 code [0x000000000312acc0, 0x000000000312af70]
Event: 7.828 Thread 0x0000000015f8a000 3708       3       org.gradle.api.internal.DefaultDomainObjectCollection::getMutationGuard (10 bytes)
Event: 7.829 Thread 0x0000000015f8a000 nmethod 3708 0x000000000312a710 code [0x000000000312a880, 0x000000000312aaa8]
Event: 7.829 Thread 0x0000000015f8a000 3709       3       org.gradle.internal.instantiation.DependencyInjectingInstantiator::verifyParameters (164 bytes)
Event: 7.830 Thread 0x0000000015f8a000 nmethod 3709 0x0000000003148ad0 code [0x0000000003148dc0, 0x000000000314a288]
Event: 7.830 Thread 0x0000000015f8a000 3710       3       org.gradle.internal.ImmutableActionSet::empty (10 bytes)
Event: 7.830 Thread 0x0000000015f8a000 nmethod 3710 0x0000000002b41c90 code [0x0000000002b41de0, 0x0000000002b41f70]
Event: 7.831 Thread 0x0000000015f8a000 3711       3       org.gradle.cache.internal.DefaultCrossBuildInMemoryCacheFactory$DefaultCrossBuildInMemoryCache::getIfPresent (60 bytes)
Event: 7.831 Thread 0x0000000015f8a000 nmethod 3711 0x0000000003129c90 code [0x0000000003129e40, 0x000000000312a548]

GC Heap History (10 events):
Event: 3.746 GC heap after
Heap after GC invocations=7 (full 1):
 PSYoungGen      total 76288K, used 0K [0x00000000e0000000, 0x00000000e5500000, 0x0000000100000000)
  eden space 66560K, 0% used [0x00000000e0000000,0x00000000e0000000,0x00000000e4100000)
  from space 9728K, 0% used [0x00000000e4b80000,0x00000000e4b80000,0x00000000e5500000)
  to   space 10240K, 0% used [0x00000000e4100000,0x00000000e4100000,0x00000000e4b00000)
 ParOldGen       total 56832K, used 8238K [0x00000000a0000000, 0x00000000a3780000, 0x00000000e0000000)
  object space 56832K, 14% used [0x00000000a0000000,0x00000000a080b8a0,0x00000000a3780000)
 Metaspace       used 20690K, capacity 21150K, committed 21296K, reserved 1067008K
  class space    used 2950K, capacity 3123K, committed 3200K, reserved 1048576K
}
Event: 4.637 GC heap before
{Heap before GC invocations=8 (full 1):
 PSYoungGen      total 76288K, used 66560K [0x00000000e0000000, 0x00000000e5500000, 0x0000000100000000)
  eden space 66560K, 100% used [0x00000000e0000000,0x00000000e4100000,0x00000000e4100000)
  from space 9728K, 0% used [0x00000000e4b80000,0x00000000e4b80000,0x00000000e5500000)
  to   space 10240K, 0% used [0x00000000e4100000,0x00000000e4100000,0x00000000e4b00000)
 ParOldGen       total 56832K, used 8238K [0x00000000a0000000, 0x00000000a3780000, 0x00000000e0000000)
  object space 56832K, 14% used [0x00000000a0000000,0x00000000a080b8a0,0x00000000a3780000)
 Metaspace       used 29065K, capacity 29560K, committed 29824K, reserved 1075200K
  class space    used 3922K, capacity 4102K, committed 4224K, reserved 1048576K
Event: 4.648 GC heap after
Heap after GC invocations=8 (full 1):
 PSYoungGen      total 76800K, used 8082K [0x00000000e0000000, 0x00000000e8100000, 0x0000000100000000)
  eden space 66560K, 0% used [0x00000000e0000000,0x00000000e0000000,0x00000000e4100000)
  from space 10240K, 78% used [0x00000000e4100000,0x00000000e48e4b88,0x00000000e4b00000)
  to   space 10752K, 0% used [0x00000000e7680000,0x00000000e7680000,0x00000000e8100000)
 ParOldGen       total 56832K, used 8246K [0x00000000a0000000, 0x00000000a3780000, 0x00000000e0000000)
  object space 56832K, 14% used [0x00000000a0000000,0x00000000a080d8a0,0x00000000a3780000)
 Metaspace       used 29065K, capacity 29560K, committed 29824K, reserved 1075200K
  class space    used 3922K, capacity 4102K, committed 4224K, reserved 1048576K
}
Event: 5.566 GC heap before
{Heap before GC invocations=9 (full 1):
 PSYoungGen      total 76800K, used 74642K [0x00000000e0000000, 0x00000000e8100000, 0x0000000100000000)
  eden space 66560K, 100% used [0x00000000e0000000,0x00000000e4100000,0x00000000e4100000)
  from space 10240K, 78% used [0x00000000e4100000,0x00000000e48e4b88,0x00000000e4b00000)
  to   space 10752K, 0% used [0x00000000e7680000,0x00000000e7680000,0x00000000e8100000)
 ParOldGen       total 56832K, used 8246K [0x00000000a0000000, 0x00000000a3780000, 0x00000000e0000000)
  object space 56832K, 14% used [0x00000000a0000000,0x00000000a080d8a0,0x00000000a3780000)
 Metaspace       used 32313K, capacity 32854K, committed 33152K, reserved 1077248K
  class space    used 4450K, capacity 4624K, committed 4736K, reserved 1048576K
Event: 5.584 GC heap after
Heap after GC invocations=9 (full 1):
 PSYoungGen      total 120320K, used 8685K [0x00000000e0000000, 0x00000000e8080000, 0x0000000100000000)
  eden space 110080K, 0% used [0x00000000e0000000,0x00000000e0000000,0x00000000e6b80000)
  from space 10240K, 84% used [0x00000000e7680000,0x00000000e7efb608,0x00000000e8080000)
  to   space 10752K, 0% used [0x00000000e6b80000,0x00000000e6b80000,0x00000000e7600000)
 ParOldGen       total 56832K, used 8254K [0x00000000a0000000, 0x00000000a3780000, 0x00000000e0000000)
  object space 56832K, 14% used [0x00000000a0000000,0x00000000a080f8a0,0x00000000a3780000)
 Metaspace       used 32313K, capacity 32854K, committed 33152K, reserved 1077248K
  class space    used 4450K, capacity 4624K, committed 4736K, reserved 1048576K
}
Event: 6.597 GC heap before
{Heap before GC invocations=10 (full 1):
 PSYoungGen      total 120320K, used 56549K [0x00000000e0000000, 0x00000000e8080000, 0x0000000100000000)
  eden space 110080K, 43% used [0x00000000e0000000,0x00000000e2ebe050,0x00000000e6b80000)
  from space 10240K, 84% used [0x00000000e7680000,0x00000000e7efb608,0x00000000e8080000)
  to   space 10752K, 0% used [0x00000000e6b80000,0x00000000e6b80000,0x00000000e7600000)
 ParOldGen       total 56832K, used 8254K [0x00000000a0000000, 0x00000000a3780000, 0x00000000e0000000)
  object space 56832K, 14% used [0x00000000a0000000,0x00000000a080f8a0,0x00000000a3780000)
 Metaspace       used 34668K, capacity 35406K, committed 35496K, reserved 1079296K
  class space    used 4771K, capacity 4994K, committed 5032K, reserved 1048576K
Event: 6.620 GC heap after
Heap after GC invocations=10 (full 1):
 PSYoungGen      total 120832K, used 9891K [0x00000000e0000000, 0x00000000ead00000, 0x0000000100000000)
  eden space 110080K, 0% used [0x00000000e0000000,0x00000000e0000000,0x00000000e6b80000)
  from space 10752K, 91% used [0x00000000e6b80000,0x00000000e7528d80,0x00000000e7600000)
  to   space 11776K, 0% used [0x00000000ea180000,0x00000000ea180000,0x00000000ead00000)
 ParOldGen       total 56832K, used 8262K [0x00000000a0000000, 0x00000000a3780000, 0x00000000e0000000)
  object space 56832K, 14% used [0x00000000a0000000,0x00000000a08118a0,0x00000000a3780000)
 Metaspace       used 34668K, capacity 35406K, committed 35496K, reserved 1079296K
  class space    used 4771K, capacity 4994K, committed 5032K, reserved 1048576K
}
Event: 6.620 GC heap before
{Heap before GC invocations=11 (full 2):
 PSYoungGen      total 120832K, used 9891K [0x00000000e0000000, 0x00000000ead00000, 0x0000000100000000)
  eden space 110080K, 0% used [0x00000000e0000000,0x00000000e0000000,0x00000000e6b80000)
  from space 10752K, 91% used [0x00000000e6b80000,0x00000000e7528d80,0x00000000e7600000)
  to   space 11776K, 0% used [0x00000000ea180000,0x00000000ea180000,0x00000000ead00000)
 ParOldGen       total 56832K, used 8262K [0x00000000a0000000, 0x00000000a3780000, 0x00000000e0000000)
  object space 56832K, 14% used [0x00000000a0000000,0x00000000a08118a0,0x00000000a3780000)
 Metaspace       used 34668K, capacity 35406K, committed 35496K, reserved 1079296K
  class space    used 4771K, capacity 4994K, committed 5032K, reserved 1048576K
Event: 6.707 GC heap after
Heap after GC invocations=11 (full 2):
 PSYoungGen      total 120832K, used 0K [0x00000000e0000000, 0x00000000ead00000, 0x0000000100000000)
  eden space 110080K, 0% used [0x00000000e0000000,0x00000000e0000000,0x00000000e6b80000)
  from space 10752K, 0% used [0x00000000e6b80000,0x00000000e6b80000,0x00000000e7600000)
  to   space 11776K, 0% used [0x00000000ea180000,0x00000000ea180000,0x00000000ead00000)
 ParOldGen       total 56832K, used 16731K [0x00000000a0000000, 0x00000000a3780000, 0x00000000e0000000)
  object space 56832K, 29% used [0x00000000a0000000,0x00000000a1056e48,0x00000000a3780000)
 Metaspace       used 34668K, capacity 35406K, committed 35496K, reserved 1079296K
  class space    used 4771K, capacity 4994K, committed 5032K, reserved 1048576K
}
Event: 7.836 GC heap before
{Heap before GC invocations=12 (full 2):
 PSYoungGen      total 120832K, used 79961K [0x00000000e0000000, 0x00000000ead00000, 0x0000000100000000)
  eden space 110080K, 72% used [0x00000000e0000000,0x00000000e4e16610,0x00000000e6b80000)
  from space 10752K, 0% used [0x00000000e6b80000,0x00000000e6b80000,0x00000000e7600000)
  to   space 11776K, 0% used [0x00000000ea180000,0x00000000ea180000,0x00000000ead00000)
 ParOldGen       total 56832K, used 16731K [0x00000000a0000000, 0x00000000a3780000, 0x00000000e0000000)
  object space 56832K, 29% used [0x00000000a0000000,0x00000000a1056e48,0x00000000a3780000)
 Metaspace       used 43374K, capacity 44230K, committed 44328K, reserved 1091584K
  class space    used 5860K, capacity 6127K, committed 6184K, reserved 1048576K

Deoptimization events (10 events):
Event: 7.536 Thread 0x0000000018d9f800 Uncommon trap: reason=unstable_if action=reinterpret pc=0x0000000002931838 method=java.util.jar.JarFile.maybeInstantiateVerifier()V @ 4
Event: 7.538 Thread 0x0000000018d9f800 Uncommon trap: reason=unstable_if action=reinterpret pc=0x0000000002ad97f0 method=java.util.jar.JarFile.maybeInstantiateVerifier()V @ 4
Event: 7.538 Thread 0x0000000018d9f800 Uncommon trap: reason=unstable_if action=reinterpret pc=0x00000000027d8d70 method=java.security.CodeSource.<init>(Ljava/net/URL;[Ljava/security/CodeSigner;)V @ 25
Event: 7.540 Thread 0x0000000018d9f800 Uncommon trap: reason=unstable_if action=reinterpret pc=0x0000000002be3d2c method=java.security.CodeSource.getCertificates()[Ljava/security/cert/Certificate; @ 22
Event: 7.541 Thread 0x0000000018d9f800 Uncommon trap: reason=unstable_if action=reinterpret pc=0x0000000002b6b3b4 method=java.util.jar.JarFile.maybeInstantiateVerifier()V @ 4
Event: 7.542 Thread 0x0000000018d9f800 Uncommon trap: reason=unstable_if action=reinterpret pc=0x0000000003090a3c method=java.security.CodeSource.matchCerts(Ljava/security/CodeSource;Z)Z @ 11
Event: 7.569 Thread 0x0000000018d9f800 Uncommon trap: reason=unstable_if action=reinterpret pc=0x0000000002a3cb40 method=java.util.LinkedHashMap.get(Ljava/lang/Object;)Ljava/lang/Object; @ 20
Event: 7.620 Thread 0x0000000018d9f800 Uncommon trap: reason=unstable_if action=reinterpret pc=0x00000000030801cc method=java.security.CodeSource.matchCerts(Ljava/security/CodeSource;Z)Z @ 11
Event: 7.661 Thread 0x0000000018d9f800 Uncommon trap: reason=unstable_if action=reinterpret pc=0x0000000002e8be28 method=org.objectweb.asm.ByteVector.putUTF8(Ljava/lang/String;)Lorg/objectweb/asm/ByteVector; @ 93
Event: 7.795 Thread 0x0000000018d9f800 Uncommon trap: reason=unstable_if action=reinterpret pc=0x0000000002c86a30 method=org.objectweb.asm.ByteVector.putUTF8(Ljava/lang/String;)Lorg/objectweb/asm/ByteVector; @ 93

Classes redefined (0 events):
No events

Internal exceptions (10 events):
Event: 6.525 Thread 0x0000000018d9f800 Exception <a 'java/lang/ClassNotFoundException': org/gradle/api/tasks/Delete_DecoratedCustomizer> (0x00000000e2b938b0) thrown at [D:\src\AOSP-openjdk-cygwin\jdk8u\hotspot\src\share\vm\classfile\systemDictionary.cpp, line 210]
Event: 6.561 Thread 0x0000000018d9f800 Exception <a 'java/lang/ClassNotFoundException': build_4mr9v3t4dcv63oxnjq43bjopzBeanInfo> (0x00000000e2c84e10) thrown at [D:\src\AOSP-openjdk-cygwin\jdk8u\hotspot\src\share\vm\classfile\systemDictionary.cpp, line 210]
Event: 6.562 Thread 0x0000000018d9f800 Exception <a 'java/lang/ClassNotFoundException': build_4mr9v3t4dcv63oxnjq43bjopzCustomizer> (0x00000000e2c909f0) thrown at [D:\src\AOSP-openjdk-cygwin\jdk8u\hotspot\src\share\vm\classfile\systemDictionary.cpp, line 210]
Event: 6.567 Thread 0x0000000018d9f800 Exception <a 'java/lang/ClassNotFoundException': org/gradle/api/internal/plugins/DefaultObjectConfigurationActionBeanInfo> (0x00000000e2cff950) thrown at [D:\src\AOSP-openjdk-cygwin\jdk8u\hotspot\src\share\vm\classfile\systemDictionary.cpp, line 210]
Event: 6.567 Thread 0x0000000018d9f800 Exception <a 'java/lang/ClassNotFoundException': org/gradle/api/internal/plugins/DefaultObjectConfigurationActionCustomizer> (0x00000000e2d3caf0) thrown at [D:\src\AOSP-openjdk-cygwin\jdk8u\hotspot\src\share\vm\classfile\systemDictionary.cpp, line 210]
Event: 7.451 Thread 0x0000000018d9f800 Implicit null exception at 0x00000000030c5c28 to 0x00000000030c6169
Event: 7.816 Thread 0x0000000018d9f800 Exception <a 'java/lang/ClassNotFoundException': com/android/build/gradle/internal/api/DefaultAndroidSourceSet_DecoratedBeanInfo> (0x00000000e4af7c38) thrown at [D:\src\AOSP-openjdk-cygwin\jdk8u\hotspot\src\share\vm\classfile\systemDictionary.cpp, line 21
Event: 7.816 Thread 0x0000000018d9f800 Exception <a 'java/lang/ClassNotFoundException': com/android/build/gradle/internal/api/DefaultAndroidSourceSetBeanInfo> (0x00000000e4b13d80) thrown at [D:\src\AOSP-openjdk-cygwin\jdk8u\hotspot\src\share\vm\classfile\systemDictionary.cpp, line 210]
Event: 7.816 Thread 0x0000000018d9f800 Exception <a 'java/lang/ClassNotFoundException': com/android/build/gradle/internal/api/DefaultAndroidSourceSetCustomizer> (0x00000000e4b301c0) thrown at [D:\src\AOSP-openjdk-cygwin\jdk8u\hotspot\src\share\vm\classfile\systemDictionary.cpp, line 210]
Event: 7.820 Thread 0x0000000018d9f800 Exception <a 'java/lang/ClassNotFoundException': com/android/build/gradle/internal/api/DefaultAndroidSourceSet_DecoratedCustomizer> (0x00000000e4b9d828) thrown at [D:\src\AOSP-openjdk-cygwin\jdk8u\hotspot\src\share\vm\classfile\systemDictionary.cpp, line 

Events (10 events):
Event: 7.826 loading class org/gradle/api/artifacts/DependencySet done
Event: 7.831 loading class com/android/builder/core/ToolsRevisionUtils
Event: 7.832 loading class com/android/builder/core/ToolsRevisionUtils done
Event: 7.832 loading class com/android/repository/Revision$Precision
Event: 7.832 loading class com/android/repository/Revision$Precision done
Event: 7.833 loading class com/google/common/collect/Collections2
Event: 7.833 loading class com/google/common/collect/Collections2 done
Event: 7.834 loading class com/android/utils/StringHelper
Event: 7.834 loading class com/android/utils/StringHelper done
Event: 7.835 Executing VM operation: CollectForMetadataAllocation


Dynamic libraries:
0x00007ff65b400000 - 0x00007ff65b431000 	D:\androidStudioStuff\Android\jre\bin\java.exe
0x00007ff9c3140000 - 0x00007ff9c3330000 	C:\WINDOWS\SYSTEM32\ntdll.dll
0x00007ff9c2200000 - 0x00007ff9c22b2000 	C:\WINDOWS\System32\KERNEL32.DLL
0x00007ff9c00d0000 - 0x00007ff9c0373000 	C:\WINDOWS\System32\KERNELBASE.dll
0x00007ff9c2430000 - 0x00007ff9c24d3000 	C:\WINDOWS\System32\ADVAPI32.dll
0x00007ff9c22c0000 - 0x00007ff9c235e000 	C:\WINDOWS\System32\msvcrt.dll
0x00007ff9c11f0000 - 0x00007ff9c1287000 	C:\WINDOWS\System32\sechost.dll
0x00007ff9c1360000 - 0x00007ff9c1480000 	C:\WINDOWS\System32\RPCRT4.dll
0x00007ff9c1690000 - 0x00007ff9c1824000 	C:\WINDOWS\System32\USER32.dll
0x00007ff9c07a0000 - 0x00007ff9c07c1000 	C:\WINDOWS\System32\win32u.dll
0x00007ff9c3040000 - 0x00007ff9c3066000 	C:\WINDOWS\System32\GDI32.dll
0x00007ff9c0580000 - 0x00007ff9c0714000 	C:\WINDOWS\System32\gdi32full.dll
0x00007ff9c0880000 - 0x00007ff9c091e000 	C:\WINDOWS\System32\msvcp_win.dll
0x00007ff9c10f0000 - 0x00007ff9c11ea000 	C:\WINDOWS\System32\ucrtbase.dll
0x00007ff9aa420000 - 0x00007ff9aa6a5000 	C:\WINDOWS\WinSxS\amd64_microsoft.windows.common-controls_6595b64144ccf1df_6.0.18362.592_none_e6c0b1911312be02\COMCTL32.dll
0x00007ff9c1830000 - 0x00007ff9c1b66000 	C:\WINDOWS\System32\combase.dll
0x00007ff9c04d0000 - 0x00007ff9c0550000 	C:\WINDOWS\System32\bcryptPrimitives.dll
0x00007ff9c3070000 - 0x00007ff9c309e000 	C:\WINDOWS\System32\IMM32.DLL
0x0000000069c10000 - 0x0000000069ce2000 	D:\androidStudioStuff\Android\jre\jre\bin\msvcr100.dll
0x0000000069dd0000 - 0x000000006a616000 	D:\androidStudioStuff\Android\jre\jre\bin\server\jvm.dll
0x00007ff9c3030000 - 0x00007ff9c3038000 	C:\WINDOWS\System32\PSAPI.DLL
0x00007ff9b9d10000 - 0x00007ff9b9d19000 	C:\WINDOWS\SYSTEM32\WSOCK32.dll
0x00007ff9c2bd0000 - 0x00007ff9c2c3f000 	C:\WINDOWS\System32\WS2_32.dll
0x00007ff9bcf30000 - 0x00007ff9bcf54000 	C:\WINDOWS\SYSTEM32\WINMM.dll
0x00007ff9b6db0000 - 0x00007ff9b6dba000 	C:\WINDOWS\SYSTEM32\VERSION.dll
0x00007ff9bcf00000 - 0x00007ff9bcf2d000 	C:\WINDOWS\SYSTEM32\WINMMBASE.dll
0x00007ff9c0920000 - 0x00007ff9c096a000 	C:\WINDOWS\System32\cfgmgr32.dll
0x00007ff9b9f40000 - 0x00007ff9b9f4f000 	D:\androidStudioStuff\Android\jre\jre\bin\verify.dll
0x00007ff9a6190000 - 0x00007ff9a61b9000 	D:\androidStudioStuff\Android\jre\jre\bin\java.dll
0x00007ff9b9f20000 - 0x00007ff9b9f36000 	D:\androidStudioStuff\Android\jre\jre\bin\zip.dll
0x00007ff9c24e0000 - 0x00007ff9c2bc5000 	C:\WINDOWS\System32\SHELL32.dll
0x00007ff9c15e0000 - 0x00007ff9c1689000 	C:\WINDOWS\System32\shcore.dll
0x00007ff9c0970000 - 0x00007ff9c10ef000 	C:\WINDOWS\System32\windows.storage.dll
0x00007ff9c00b0000 - 0x00007ff9c00cf000 	C:\WINDOWS\System32\profapi.dll
0x00007ff9c0040000 - 0x00007ff9c008a000 	C:\WINDOWS\System32\powrprof.dll
0x00007ff9c0010000 - 0x00007ff9c0020000 	C:\WINDOWS\System32\UMPDC.dll
0x00007ff9c2c40000 - 0x00007ff9c2c92000 	C:\WINDOWS\System32\shlwapi.dll
0x00007ff9c0090000 - 0x00007ff9c00a1000 	C:\WINDOWS\System32\kernel.appcore.dll
0x00007ff9c0720000 - 0x00007ff9c0737000 	C:\WINDOWS\System32\cryptsp.dll
0x00007ff9a61e0000 - 0x00007ff9a61fa000 	D:\androidStudioStuff\Android\jre\jre\bin\net.dll
0x00007ff9bf820000 - 0x00007ff9bf887000 	C:\WINDOWS\system32\mswsock.dll
0x00007ff9a61c0000 - 0x00007ff9a61d1000 	D:\androidStudioStuff\Android\jre\jre\bin\nio.dll
0x00007ff9aa0b0000 - 0x00007ff9aa0d6000 	C:\Users\haavi\.gradle\native\29\windows-amd64\native-platform.dll
0x00007ff9aa090000 - 0x00007ff9aa09d000 	D:\androidStudioStuff\Android\jre\jre\bin\management.dll
0x00007ff9bf390000 - 0x00007ff9bf3c3000 	C:\WINDOWS\system32\rsaenh.dll
0x00007ff9c0550000 - 0x00007ff9c0576000 	C:\WINDOWS\System32\bcrypt.dll
0x00007ff9bff30000 - 0x00007ff9bff55000 	C:\WINDOWS\SYSTEM32\USERENV.dll
0x00007ff9bf9f0000 - 0x00007ff9bf9fc000 	C:\WINDOWS\SYSTEM32\CRYPTBASE.dll
0x00007ff9bf530000 - 0x00007ff9bf56a000 	C:\WINDOWS\SYSTEM32\IPHLPAPI.DLL
0x00007ff9c2ca0000 - 0x00007ff9c2ca8000 	C:\WINDOWS\System32\NSI.dll
0x00007ff9b3c60000 - 0x00007ff9b3c76000 	C:\WINDOWS\SYSTEM32\dhcpcsvc6.DLL
0x00007ff9b6dc0000 - 0x00007ff9b6ddc000 	C:\WINDOWS\SYSTEM32\dhcpcsvc.DLL
0x00007ff9bf570000 - 0x00007ff9bf63a000 	C:\WINDOWS\SYSTEM32\DNSAPI.dll

VM Arguments:
jvm_args: -Xmx1536m -Dfile.encoding=windows-1252 -Duser.country=FI -Duser.language=fi -Duser.variant 
java_command: org.gradle.launcher.daemon.bootstrap.GradleDaemon 5.4.1
java_class_path (initial): C:\Users\haavi\.gradle\wrapper\dists\gradle-5.4.1-all\3221gyojl5jsh0helicew7rwx\gradle-5.4.1\lib\gradle-launcher-5.4.1.jar
Launcher Type: SUN_STANDARD

Environment Variables:
JAVA_HOME=C:\Program Files\Java\jdk1.8.0_172
PATH=C:\Program Files\Java\jdk1.8.0_172\bin;C:\Program Files\PuTTY\;C:\Program Files\nodejs\;D:\Ruby25-x64\bin;C:\Users\haavi\AppData\Local\Microsoft\WindowsApps;D:\Microsoft VS Code\bin;C:\maven\apache-maven-3.5.4\apache-maven\src\bin;C:\Users\haavi\AppData\Local\Yarn\bin;D:\Users\haavi\Desktop\apache-maven-3.6.3\bin;D:\androidStudioStuff\sdk\platform-tools;D:\Users\haavi\Desktop\curl-7.68.0-win64-mingw\bin;C:\Users\haavi\AppData\Roaming\npm
USERNAME=haavi
OS=Windows_NT
PROCESSOR_IDENTIFIER=Intel64 Family 6 Model 78 Stepping 3, GenuineIntel



---------------  S Y S T E M  ---------------

OS: Windows 10.0 , 64 bit Build 18362 (10.0.18362.329)

CPU:total 4 (initial active 4) (2 cores per cpu, 2 threads per core) family 6 model 78 stepping 3, cmov, cx8, fxsr, mmx, sse, sse2, sse3, ssse3, sse4.1, sse4.2, popcnt, avx, avx2, aes, clmul, erms, 3dnowpref, lzcnt, ht, tsc, tscinvbit, bmi1, bmi2, adx

Memory: 4k page, physical 8259484k(759520k free), swap 33425308k(5232k free)

vm_info: OpenJDK 64-Bit Server VM (25.202-b03) for windows-amd64 JRE (1.8.0_202-release-1483-b03), built by "builder" with MS VC++ 10.0 (VS2010)

time: Sat Feb 01 11:33:30 2020
timezone: Suomen normaaliaika
elapsed time: 7 seconds (0d 0h 0m 7s)

